api_parsing | 2025-02-28 19:17:31 | INFO | Тестовая запись в лог
api_parsing | 2025-02-28 19:17:37 | INFO | Запуск скрипта Sephora.
api_parsing | 2025-02-28 19:17:38 | INFO | Успешно получен список брендов.
api_parsing | 2025-02-28 19:17:38 | INFO | Обработка бренда: abbott
api_parsing | 2025-02-28 19:17:38 | INFO | Промежуточно сохранено 7 строк.
api_parsing | 2025-02-28 19:17:40 | INFO | Обработка бренда: act-acre
api_parsing | 2025-02-28 19:17:41 | INFO | Промежуточно сохранено 34 строк.
api_parsing | 2025-02-28 19:17:43 | INFO | Обработка бренда: adwoa-beauty
api_parsing | 2025-02-28 19:17:43 | INFO | Промежуточно сохранено 47 строк.
api_parsing | 2025-02-28 19:17:45 | INFO | Обработка бренда: aerin-perfume
api_parsing | 2025-02-28 19:17:46 | INFO | Промежуточно сохранено 53 строк.
api_parsing | 2025-02-28 19:17:48 | INFO | Обработка бренда: algenist
api_parsing | 2025-02-28 19:17:48 | ERROR | Серверная ошибка 500 для бренда algenist, стр. 1. Пропускаем бренд.
api_parsing | 2025-02-28 19:17:48 | WARNING | Пропускаем бренд algenist, нет данных или ошибка.
api_parsing | 2025-02-28 19:17:48 | INFO | Обработка бренда: alo
api_parsing | 2025-02-28 19:17:49 | ERROR | Серверная ошибка 500 для бренда alo, стр. 1. Пропускаем бренд.
api_parsing | 2025-02-28 19:17:49 | WARNING | Пропускаем бренд alo, нет данных или ошибка.
api_parsing | 2025-02-28 19:17:49 | INFO | Обработка бренда: alpha-h
api_parsing | 2025-02-28 19:17:49 | ERROR | Серверная ошибка 500 для бренда alpha-h, стр. 1. Пропускаем бренд.
api_parsing | 2025-02-28 19:17:49 | WARNING | Пропускаем бренд alpha-h, нет данных или ошибка.
api_parsing | 2025-02-28 19:17:49 | INFO | Обработка бренда: alpyn-beauty
api_parsing | 2025-02-28 19:17:50 | INFO | Промежуточно сохранено 66 строк.
api_parsing | 2025-02-28 19:17:52 | INFO | Обработка бренда: alterna
api_parsing | 2025-02-28 19:17:53 | INFO | Промежуточно сохранено 74 строк.
api_parsing | 2025-02-28 19:17:55 | INFO | Обработка бренда: ami-cole
api_parsing | 2025-02-28 19:17:55 | INFO | Промежуточно сохранено 86 строк.
api_parsing | 2025-02-28 19:17:57 | INFO | Обработка бренда: amika
api_parsing | 2025-02-28 19:17:58 | INFO | Промежуточно сохранено 146 строк.
api_parsing | 2025-02-28 19:18:00 | INFO | Обработка бренда: anastasia-beverly-hills
api_parsing | 2025-02-28 19:18:00 | INFO | Промежуточно сохранено 206 строк.
api_parsing | 2025-02-28 19:18:02 | INFO | Обработка бренда: aquis
api_parsing | 2025-02-28 19:18:03 | ERROR | Серверная ошибка 500 для бренда aquis, стр. 1. Пропускаем бренд.
api_parsing | 2025-02-28 19:18:03 | WARNING | Пропускаем бренд aquis, нет данных или ошибка.
api_parsing | 2025-02-28 19:18:03 | INFO | Обработка бренда: giorgio-armani-beauty
api_parsing | 2025-02-28 19:18:04 | INFO | Промежуточно сохранено 251 строк.
api_parsing | 2025-02-28 19:18:06 | INFO | Обработка бренда: artist-couture
api_parsing | 2025-02-28 19:18:07 | INFO | Промежуточно сохранено 252 строк.
api_parsing | 2025-02-28 19:18:09 | INFO | Обработка бренда: atelier-cologne
api_parsing | 2025-02-28 19:18:09 | ERROR | Серверная ошибка 500 для бренда atelier-cologne, стр. 1. Пропускаем бренд.
api_parsing | 2025-02-28 19:18:09 | WARNING | Пропускаем бренд atelier-cologne, нет данных или ошибка.
api_parsing | 2025-02-28 19:18:09 | INFO | Обработка бренда: augustinus-bader
api_parsing | 2025-02-28 19:18:10 | INFO | Промежуточно сохранено 277 строк.
api_parsing | 2025-02-28 19:18:12 | INFO | Обработка бренда: azzaro
api_parsing | 2025-02-28 19:18:13 | INFO | Промежуточно сохранено 283 строк.
api_parsing | 2025-02-28 19:18:15 | INFO | Обработка бренда: bareminerals
api_parsing | 2025-02-28 19:18:15 | INFO | Промежуточно сохранено 310 строк.
api_parsing | 2025-02-28 19:18:17 | INFO | Обработка бренда: basma
api_parsing | 2025-02-28 19:18:18 | INFO | Промежуточно сохранено 312 строк.
api_parsing | 2025-02-28 19:18:20 | INFO | Обработка бренда: beautybio
api_parsing | 2025-02-28 19:18:20 | INFO | Промежуточно сохранено 334 строк.
api_parsing | 2025-02-28 19:18:22 | INFO | Обработка бренда: beautyblender
api_parsing | 2025-02-28 19:18:23 | INFO | Промежуточно сохранено 347 строк.
api_parsing | 2025-02-28 19:18:25 | INFO | Обработка бренда: belif
api_parsing | 2025-02-28 19:18:25 | INFO | Промежуточно сохранено 360 строк.
api_parsing | 2025-02-28 19:18:27 | INFO | Обработка бренда: benefit-cosmetics
api_parsing | 2025-02-28 19:18:28 | INFO | Промежуточно сохранено 420 строк.
api_parsing | 2025-02-28 19:18:30 | INFO | Обработка бренда: bio-ionic
api_parsing | 2025-02-28 19:18:31 | INFO | Промежуточно сохранено 431 строк.
api_parsing | 2025-02-28 19:18:33 | INFO | Обработка бренда: biossance
api_parsing | 2025-02-28 19:18:33 | INFO | Промежуточно сохранено 453 строк.
api_parsing | 2025-02-28 19:18:35 | INFO | Обработка бренда: blinc
api_parsing | 2025-02-28 19:18:35 | INFO | Промежуточно сохранено 456 строк.
api_parsing | 2025-02-28 19:18:37 | INFO | Обработка бренда: bobbi-brown
api_parsing | 2025-02-28 19:18:38 | INFO | Промежуточно сохранено 494 строк.
api_parsing | 2025-02-28 19:18:40 | INFO | Обработка бренда: bon-parfumeur
api_parsing | 2025-02-28 19:18:40 | ERROR | Серверная ошибка 500 для бренда bon-parfumeur, стр. 1. Пропускаем бренд.
api_parsing | 2025-02-28 19:18:40 | WARNING | Пропускаем бренд bon-parfumeur, нет данных или ошибка.
api_parsing | 2025-02-28 19:18:40 | INFO | Обработка бренда: bondi-boost
api_parsing | 2025-02-28 19:18:41 | INFO | Промежуточно сохранено 543 строк.
api_parsing | 2025-02-28 19:18:43 | INFO | Обработка бренда: boysmells
api_parsing | 2025-02-28 19:18:43 | INFO | Промежуточно сохранено 547 строк.
api_parsing | 2025-02-28 19:18:45 | INFO | Обработка бренда: bread-beauty-supply
api_parsing | 2025-02-28 19:18:46 | INFO | Промежуточно сохранено 567 строк.
api_parsing | 2025-02-28 19:18:48 | INFO | Обработка бренда: briogeo
api_parsing | 2025-02-28 19:18:49 | INFO | Промежуточно сохранено 627 строк.
api_parsing | 2025-02-28 19:18:51 | INFO | Обработка бренда: bumble-bumble
api_parsing | 2025-02-28 19:18:51 | INFO | Промежуточно сохранено 687 строк.
api_parsing | 2025-02-28 19:18:53 | INFO | Обработка бренда: burberry
api_parsing | 2025-02-28 19:18:54 | INFO | Промежуточно сохранено 716 строк.
api_parsing | 2025-02-28 19:18:56 | INFO | Обработка бренда: buxom
api_parsing | 2025-02-28 19:18:56 | INFO | Промежуточно сохранено 723 строк.
api_parsing | 2025-02-28 19:18:58 | INFO | Обработка бренда: by-rosie-jane
api_parsing | 2025-02-28 19:18:59 | INFO | Промежуточно сохранено 745 строк.
api_parsing | 2025-02-28 19:19:01 | INFO | Обработка бренда: caliray
api_parsing | 2025-02-28 19:19:01 | INFO | Промежуточно сохранено 756 строк.
api_parsing | 2025-02-28 19:19:03 | INFO | Обработка бренда: calvin-klein
api_parsing | 2025-02-28 19:19:04 | ERROR | Серверная ошибка 500 для бренда calvin-klein, стр. 1. Пропускаем бренд.
api_parsing | 2025-02-28 19:19:04 | WARNING | Пропускаем бренд calvin-klein, нет данных или ошибка.
api_parsing | 2025-02-28 19:19:04 | INFO | Обработка бренда: canopy
api_parsing | 2025-02-28 19:19:04 | INFO | Промежуточно сохранено 767 строк.
api_parsing | 2025-02-28 19:19:06 | INFO | Обработка бренда: carolina-herrera
api_parsing | 2025-02-28 19:19:07 | INFO | Промежуточно сохранено 791 строк.
api_parsing | 2025-02-28 19:19:09 | INFO | Обработка бренда: caudalie
api_parsing | 2025-02-28 19:19:09 | INFO | Промежуточно сохранено 836 строк.
api_parsing | 2025-02-28 19:19:11 | INFO | Обработка бренда: cay-skin
api_parsing | 2025-02-28 19:19:12 | INFO | Промежуточно сохранено 845 строк.
api_parsing | 2025-02-28 19:19:14 | INFO | Обработка бренда: ceremonia
api_parsing | 2025-02-28 19:19:15 | INFO | Промежуточно сохранено 876 строк.
api_parsing | 2025-02-28 19:19:17 | INFO | Обработка бренда: chanel
api_parsing | 2025-02-28 19:19:17 | INFO | Промежуточно сохранено 919 строк.
api_parsing | 2025-02-28 19:19:19 | INFO | Обработка бренда: charlotte-tilbury
api_parsing | 2025-02-28 19:19:20 | INFO | Промежуточно сохранено 979 строк.
api_parsing | 2025-02-28 19:19:22 | INFO | Обработка бренда: chloe
api_parsing | 2025-02-28 19:19:23 | INFO | Промежуточно сохранено 992 строк.
api_parsing | 2025-02-28 19:19:25 | INFO | Обработка бренда: christophe-robin
api_parsing | 2025-02-28 19:19:25 | ERROR | Серверная ошибка 500 для бренда christophe-robin, стр. 1. Пропускаем бренд.
api_parsing | 2025-02-28 19:19:25 | WARNING | Пропускаем бренд christophe-robin, нет данных или ошибка.
api_parsing | 2025-02-28 19:19:25 | INFO | Обработка бренда: ciate
api_parsing | 2025-02-28 19:19:25 | ERROR | Серверная ошибка 500 для бренда ciate, стр. 1. Пропускаем бренд.
api_parsing | 2025-02-28 19:19:25 | WARNING | Пропускаем бренд ciate, нет данных или ошибка.
api_parsing | 2025-02-28 19:19:25 | INFO | Обработка бренда: ciele
api_parsing | 2025-02-28 19:19:26 | INFO | Промежуточно сохранено 1002 строк.
api_parsing | 2025-02-28 19:19:28 | INFO | Обработка бренда: cinema-secrets
api_parsing | 2025-02-28 19:19:29 | INFO | Промежуточно сохранено 1005 строк.
api_parsing | 2025-02-28 19:19:31 | INFO | Обработка бренда: clarins
api_parsing | 2025-02-28 19:19:31 | INFO | Промежуточно сохранено 1037 строк.
api_parsing | 2025-02-28 19:19:33 | INFO | Обработка бренда: clean-reserve
api_parsing | 2025-02-28 19:19:34 | INFO | Промежуточно сохранено 1074 строк.
api_parsing | 2025-02-28 19:19:36 | INFO | Обработка бренда: clinique
api_parsing | 2025-02-28 19:19:37 | INFO | Промежуточно сохранено 1134 строк.
api_parsing | 2025-02-28 19:19:39 | INFO | Обработка бренда: color-wow
api_parsing | 2025-02-28 19:19:39 | INFO | Промежуточно сохранено 1175 строк.
api_parsing | 2025-02-28 19:19:41 | INFO | Обработка бренда: commodity
api_parsing | 2025-02-28 19:19:42 | INFO | Промежуточно сохранено 1211 строк.
api_parsing | 2025-02-28 19:19:44 | INFO | Обработка бренда: community-sixty-six
api_parsing | 2025-02-28 19:19:44 | INFO | Промежуточно сохранено 1219 строк.
api_parsing | 2025-02-28 19:19:46 | INFO | Обработка бренда: coola-suncare
api_parsing | 2025-02-28 19:19:47 | INFO | Промежуточно сохранено 1220 строк.
api_parsing | 2025-02-28 19:19:49 | INFO | Обработка бренда: crown-affair
api_parsing | 2025-02-28 19:19:49 | WARNING | 429 при запросе бренда crown-affair, стр. 1. Токен 8bc3bea522msh941d5f19c472aa2p1d9362jsna422162a847e исчерпан. Переключаемся...
api_parsing | 2025-02-28 19:19:50 | INFO | Промежуточно сохранено 1242 строк.
api_parsing | 2025-02-28 19:19:52 | INFO | Обработка бренда: curlsmith
api_parsing | 2025-02-28 19:19:53 | INFO | Промежуточно сохранено 1293 строк.
api_parsing | 2025-02-28 19:19:55 | INFO | Обработка бренда: dae
api_parsing | 2025-02-28 19:19:56 | INFO | Промежуточно сохранено 1311 строк.
api_parsing | 2025-02-28 19:19:58 | INFO | Обработка бренда: dam-dam
api_parsing | 2025-02-28 19:19:58 | INFO | Промежуточно сохранено 1321 строк.
api_parsing | 2025-02-28 19:20:00 | INFO | Обработка бренда: danessa-myricks-beauty
api_parsing | 2025-02-28 19:20:01 | INFO | Промежуточно сохранено 1352 строк.
api_parsing | 2025-02-28 19:20:03 | INFO | Обработка бренда: deborah-lippmann
api_parsing | 2025-02-28 19:20:03 | ERROR | Серверная ошибка 500 для бренда deborah-lippmann, стр. 1. Пропускаем бренд.
api_parsing | 2025-02-28 19:20:03 | WARNING | Пропускаем бренд deborah-lippmann, нет данных или ошибка.
api_parsing | 2025-02-28 19:20:03 | INFO | Обработка бренда: dedcool
api_parsing | 2025-02-28 19:20:04 | INFO | Промежуточно сохранено 1372 строк.
api_parsing | 2025-02-28 19:20:06 | INFO | Обработка бренда: derek-lam-10-crosby
api_parsing | 2025-02-28 19:20:06 | ERROR | Серверная ошибка 500 для бренда derek-lam-10-crosby, стр. 1. Пропускаем бренд.
api_parsing | 2025-02-28 19:20:06 | WARNING | Пропускаем бренд derek-lam-10-crosby, нет данных или ошибка.
api_parsing | 2025-02-28 19:20:06 | INFO | Обработка бренда: dermaflash
api_parsing | 2025-02-28 19:20:07 | INFO | Промежуточно сохранено 1375 строк.
api_parsing | 2025-02-28 19:20:09 | INFO | Обработка бренда: dermalogica
api_parsing | 2025-02-28 19:20:09 | INFO | Промежуточно сохранено 1432 строк.
api_parsing | 2025-02-28 19:20:11 | INFO | Обработка бренда: dior
api_parsing | 2025-02-28 19:20:12 | INFO | Промежуточно сохранено 1492 строк.
api_parsing | 2025-02-28 19:20:14 | INFO | Обработка бренда: dolce-gabbana
api_parsing | 2025-02-28 19:20:15 | INFO | Промежуточно сохранено 1532 строк.
api_parsing | 2025-02-28 19:20:17 | INFO | Обработка бренда: dominique-cosmetics
api_parsing | 2025-02-28 19:20:17 | INFO | Промежуточно сохранено 1533 строк.
api_parsing | 2025-02-28 19:20:19 | INFO | Обработка бренда: donna-karan
api_parsing | 2025-02-28 19:20:20 | INFO | Промежуточно сохранено 1537 строк.
api_parsing | 2025-02-28 19:20:22 | INFO | Обработка бренда: dphue
api_parsing | 2025-02-28 19:20:22 | ERROR | Серверная ошибка 500 для бренда dphue, стр. 1. Пропускаем бренд.
api_parsing | 2025-02-28 19:20:22 | WARNING | Пропускаем бренд dphue, нет данных или ошибка.
api_parsing | 2025-02-28 19:20:22 | INFO | Обработка бренда: dr-barbara-sturm
api_parsing | 2025-02-28 19:20:23 | INFO | Промежуточно сохранено 1581 строк.
api_parsing | 2025-02-28 19:20:25 | INFO | Обработка бренда: dr-brandt-skincare
api_parsing | 2025-02-28 19:20:25 | ERROR | Серверная ошибка 500 для бренда dr-brandt-skincare, стр. 1. Пропускаем бренд.
api_parsing | 2025-02-28 19:20:25 | WARNING | Пропускаем бренд dr-brandt-skincare, нет данных или ошибка.
api_parsing | 2025-02-28 19:20:25 | INFO | Обработка бренда: dr-dennis-gross-skincare
api_parsing | 2025-02-28 19:20:26 | INFO | Промежуточно сохранено 1622 строк.
api_parsing | 2025-02-28 19:20:28 | INFO | Обработка бренда: dr-jart
api_parsing | 2025-02-28 19:20:29 | INFO | Промежуточно сохранено 1665 строк.
api_parsing | 2025-02-28 19:20:31 | INFO | Обработка бренда: dr-lara-devgan-scientific-beauty
api_parsing | 2025-02-28 19:20:31 | ERROR | Серверная ошибка 500 для бренда dr-lara-devgan-scientific-beauty, стр. 1. Пропускаем бренд.
api_parsing | 2025-02-28 19:20:31 | WARNING | Пропускаем бренд dr-lara-devgan-scientific-beauty, нет данных или ошибка.
api_parsing | 2025-02-28 19:20:31 | INFO | Обработка бренда: dr-zenovia-skin-care
api_parsing | 2025-02-28 19:20:32 | ERROR | Серверная ошибка 500 для бренда dr-zenovia-skin-care, стр. 1. Пропускаем бренд.
api_parsing | 2025-02-28 19:20:32 | WARNING | Пропускаем бренд dr-zenovia-skin-care, нет данных или ошибка.
api_parsing | 2025-02-28 19:20:32 | INFO | Обработка бренда: drunk-elephant
api_parsing | 2025-02-28 19:20:33 | INFO | Промежуточно сохранено 1716 строк.
api_parsing | 2025-02-28 19:20:35 | INFO | Обработка бренда: drybar
api_parsing | 2025-02-28 19:20:35 | INFO | Промежуточно сохранено 1776 строк.
api_parsing | 2025-02-28 19:20:37 | INFO | Обработка бренда: duo
api_parsing | 2025-02-28 19:20:38 | INFO | Промежуточно сохранено 1777 строк.
api_parsing | 2025-02-28 19:20:40 | INFO | Обработка бренда: dyson
api_parsing | 2025-02-28 19:20:40 | INFO | Промежуточно сохранено 1790 строк.
api_parsing | 2025-02-28 19:20:42 | INFO | Обработка бренда: eadem
api_parsing | 2025-02-28 19:20:43 | INFO | Промежуточно сохранено 1796 строк.
api_parsing | 2025-02-28 19:20:45 | INFO | Обработка бренда: eight-bob
api_parsing | 2025-02-28 19:20:45 | ERROR | Серверная ошибка 500 для бренда eight-bob, стр. 1. Пропускаем бренд.
api_parsing | 2025-02-28 19:20:45 | WARNING | Пропускаем бренд eight-bob, нет данных или ошибка.
api_parsing | 2025-02-28 19:20:45 | INFO | Обработка бренда: ellis-brooklyn
api_parsing | 2025-02-28 19:20:46 | INFO | Промежуточно сохранено 1836 строк.
api_parsing | 2025-02-28 19:20:48 | INFO | Обработка бренда: estee-lauder
api_parsing | 2025-02-28 19:20:49 | INFO | Промежуточно сохранено 1869 строк.
api_parsing | 2025-02-28 19:20:51 | INFO | Обработка бренда: evian
api_parsing | 2025-02-28 19:20:51 | ERROR | Серверная ошибка 500 для бренда evian, стр. 1. Пропускаем бренд.
api_parsing | 2025-02-28 19:20:51 | WARNING | Пропускаем бренд evian, нет данных или ошибка.
api_parsing | 2025-02-28 19:20:51 | INFO | Обработка бренда: fable-mane
api_parsing | 2025-02-28 19:20:52 | INFO | Промежуточно сохранено 1888 строк.
api_parsing | 2025-02-28 19:20:54 | INFO | Обработка бренда: facegym
api_parsing | 2025-02-28 19:20:54 | INFO | Промежуточно сохранено 1904 строк.
api_parsing | 2025-02-28 19:20:56 | INFO | Обработка бренда: farmacy
api_parsing | 2025-02-28 19:20:57 | INFO | Промежуточно сохранено 1932 строк.
api_parsing | 2025-02-28 19:20:59 | INFO | Обработка бренда: fashion-fair
api_parsing | 2025-02-28 19:21:00 | INFO | Промежуточно сохранено 1943 строк.
api_parsing | 2025-02-28 19:21:02 | INFO | Обработка бренда: fenty-beauty-rihanna
api_parsing | 2025-02-28 19:21:02 | INFO | Промежуточно сохранено 2003 строк.
api_parsing | 2025-02-28 19:21:04 | INFO | Обработка бренда: fenty-skin-rihanna
api_parsing | 2025-02-28 19:21:05 | ERROR | Серверная ошибка 500 для бренда fenty-skin-rihanna, стр. 1. Пропускаем бренд.
api_parsing | 2025-02-28 19:21:05 | WARNING | Пропускаем бренд fenty-skin-rihanna, нет данных или ошибка.
api_parsing | 2025-02-28 19:21:05 | INFO | Обработка бренда: first-aid-beauty
api_parsing | 2025-02-28 19:21:05 | INFO | Промежуточно сохранено 2039 строк.
api_parsing | 2025-02-28 19:21:07 | INFO | Обработка бренда: flora-bast
api_parsing | 2025-02-28 19:21:08 | INFO | Промежуточно сохранено 2041 строк.
api_parsing | 2025-02-28 19:21:10 | INFO | Обработка бренда: floral-street
api_parsing | 2025-02-28 19:21:11 | INFO | Промежуточно сохранено 2044 строк.
api_parsing | 2025-02-28 19:21:13 | INFO | Обработка бренда: foreo
api_parsing | 2025-02-28 19:21:13 | INFO | Промежуточно сохранено 2050 строк.
api_parsing | 2025-02-28 19:21:15 | INFO | Обработка бренда: forvr-mood
api_parsing | 2025-02-28 19:21:16 | INFO | Промежуточно сохранено 2062 строк.
api_parsing | 2025-02-28 19:21:18 | INFO | Обработка бренда: freck-beauty
api_parsing | 2025-02-28 19:21:18 | INFO | Промежуточно сохранено 2075 строк.
api_parsing | 2025-02-28 19:21:20 | INFO | Обработка бренда: fresh
api_parsing | 2025-02-28 19:21:21 | INFO | Промежуточно сохранено 2121 строк.
api_parsing | 2025-02-28 19:21:23 | INFO | Обработка бренда: function-of-beauty-pro
api_parsing | 2025-02-28 19:21:24 | INFO | Промежуточно сохранено 2146 строк.
api_parsing | 2025-02-28 19:21:26 | INFO | Обработка бренда: ghd
api_parsing | 2025-02-28 19:21:26 | INFO | Промежуточно сохранено 2166 строк.
api_parsing | 2025-02-28 19:21:28 | INFO | Обработка бренда: gisou
api_parsing | 2025-02-28 19:21:29 | INFO | Промежуточно сохранено 2181 строк.
api_parsing | 2025-02-28 19:21:31 | INFO | Обработка бренда: givenchy
api_parsing | 2025-02-28 19:21:31 | INFO | Промежуточно сохранено 2201 строк.
api_parsing | 2025-02-28 19:21:33 | INFO | Обработка бренда: glamnetic
api_parsing | 2025-02-28 19:21:34 | INFO | Промежуточно сохранено 2203 строк.
api_parsing | 2025-02-28 19:21:36 | INFO | Обработка бренда: glo-science
api_parsing | 2025-02-28 19:21:36 | ERROR | Серверная ошибка 500 для бренда glo-science, стр. 1. Пропускаем бренд.
api_parsing | 2025-02-28 19:21:36 | WARNING | Пропускаем бренд glo-science, нет данных или ошибка.
api_parsing | 2025-02-28 19:21:36 | INFO | Обработка бренда: glossier
api_parsing | 2025-02-28 19:21:37 | INFO | Промежуточно сохранено 2249 строк.
api_parsing | 2025-02-28 19:21:39 | INFO | Обработка бренда: glow-recipe
api_parsing | 2025-02-28 19:21:40 | INFO | Промежуточно сохранено 2287 строк.
api_parsing | 2025-02-28 19:21:42 | INFO | Обработка бренда: good-dye-young
api_parsing | 2025-02-28 19:21:42 | ERROR | Серверная ошибка 500 для бренда good-dye-young, стр. 1. Пропускаем бренд.
api_parsing | 2025-02-28 19:21:42 | WARNING | Пропускаем бренд good-dye-young, нет данных или ошибка.
api_parsing | 2025-02-28 19:21:42 | INFO | Обработка бренда: goop
api_parsing | 2025-02-28 19:21:43 | INFO | Промежуточно сохранено 2313 строк.
api_parsing | 2025-02-28 19:21:45 | INFO | Обработка бренда: grace-eleyae
api_parsing | 2025-02-28 19:21:45 | ERROR | Серверная ошибка 500 для бренда grace-eleyae, стр. 1. Пропускаем бренд.
api_parsing | 2025-02-28 19:21:45 | WARNING | Пропускаем бренд grace-eleyae, нет данных или ошибка.
api_parsing | 2025-02-28 19:21:45 | INFO | Обработка бренда: grande-cosmetics
api_parsing | 2025-02-28 19:21:46 | INFO | Промежуточно сохранено 2327 строк.
api_parsing | 2025-02-28 19:21:48 | INFO | Обработка бренда: gucci
api_parsing | 2025-02-28 19:21:48 | INFO | Промежуточно сохранено 2381 строк.
api_parsing | 2025-02-28 19:21:50 | INFO | Обработка бренда: guerlain
api_parsing | 2025-02-28 19:21:51 | INFO | Промежуточно сохранено 2407 строк.
api_parsing | 2025-02-28 19:21:53 | INFO | Обработка бренда: gxve-by-gwen-stefani
api_parsing | 2025-02-28 19:21:53 | INFO | Промежуточно сохранено 2416 строк.
api_parsing | 2025-02-28 19:21:55 | INFO | Обработка бренда: habit
api_parsing | 2025-02-28 19:21:56 | ERROR | Серверная ошибка 500 для бренда habit, стр. 1. Пропускаем бренд.
api_parsing | 2025-02-28 19:21:56 | WARNING | Пропускаем бренд habit, нет данных или ошибка.
api_parsing | 2025-02-28 19:21:56 | INFO | Обработка бренда: hanni
api_parsing | 2025-02-28 19:21:57 | INFO | Промежуточно сохранено 2426 строк.
api_parsing | 2025-02-28 19:21:59 | INFO | Обработка бренда: haus-labs-by-lady-gaga
api_parsing | 2025-02-28 19:21:59 | INFO | Промежуточно сохранено 2443 строк.
api_parsing | 2025-02-28 19:22:01 | INFO | Обработка бренда: henry-rose
api_parsing | 2025-02-28 19:22:02 | INFO | Промежуточно сохранено 2460 строк.
api_parsing | 2025-02-28 19:22:04 | INFO | Обработка бренда: herbivore-botanicals
api_parsing | 2025-02-28 19:22:04 | INFO | Промежуточно сохранено 2486 строк.
api_parsing | 2025-02-28 19:22:06 | INFO | Обработка бренда: heretic
api_parsing | 2025-02-28 19:22:07 | WARNING | 429 при запросе бренда heretic, стр. 1. Токен 71df97361cmshfa8e56c9d1d52c9p16f4cbjsnd8371aa26010 исчерпан. Переключаемся...
api_parsing | 2025-02-28 19:22:08 | INFO | Промежуточно сохранено 2487 строк.
api_parsing | 2025-02-28 19:22:10 | INFO | Обработка бренда: hermes
api_parsing | 2025-02-28 19:22:10 | INFO | Промежуточно сохранено 2521 строк.
api_parsing | 2025-02-28 19:22:12 | INFO | Обработка бренда: higherdose
api_parsing | 2025-02-28 19:22:13 | INFO | Промежуточно сохранено 2533 строк.
api_parsing | 2025-02-28 19:22:15 | INFO | Обработка бренда: hourglass
api_parsing | 2025-02-28 19:22:16 | INFO | Промежуточно сохранено 2593 строк.
api_parsing | 2025-02-28 19:22:18 | INFO | Обработка бренда: house-lashes
api_parsing | 2025-02-28 19:22:19 | INFO | Промежуточно сохранено 2596 строк.
api_parsing | 2025-02-28 19:22:21 | INFO | Обработка бренда: huda-beauty
api_parsing | 2025-02-28 19:22:21 | INFO | Промежуточно сохранено 2623 строк.
api_parsing | 2025-02-28 19:22:23 | INFO | Обработка бренда: hyper-skin
api_parsing | 2025-02-28 19:22:24 | INFO | Промежуточно сохранено 2628 строк.
api_parsing | 2025-02-28 19:22:26 | INFO | Обработка бренда: iconic-london
api_parsing | 2025-02-28 19:22:26 | INFO | Промежуточно сохранено 2651 строк.
api_parsing | 2025-02-28 19:22:28 | INFO | Обработка бренда: igk
api_parsing | 2025-02-28 19:22:29 | INFO | Промежуточно сохранено 2690 строк.
api_parsing | 2025-02-28 19:22:31 | INFO | Обработка бренда: ilia
api_parsing | 2025-02-28 19:22:32 | INFO | Промежуточно сохранено 2729 строк.
api_parsing | 2025-02-28 19:22:34 | INFO | Обработка бренда: iluminage
api_parsing | 2025-02-28 19:22:34 | ERROR | Серверная ошибка 500 для бренда iluminage, стр. 1. Пропускаем бренд.
api_parsing | 2025-02-28 19:22:34 | WARNING | Пропускаем бренд iluminage, нет данных или ошибка.
api_parsing | 2025-02-28 19:22:34 | INFO | Обработка бренда: incredible
api_parsing | 2025-02-28 19:22:34 | ERROR | Серверная ошибка 500 для бренда incredible, стр. 1. Пропускаем бренд.
api_parsing | 2025-02-28 19:22:34 | WARNING | Пропускаем бренд incredible, нет данных или ошибка.
api_parsing | 2025-02-28 19:22:34 | INFO | Обработка бренда: indie-lee
api_parsing | 2025-02-28 19:22:35 | ERROR | Серверная ошибка 500 для бренда indie-lee, стр. 1. Пропускаем бренд.
api_parsing | 2025-02-28 19:22:35 | WARNING | Пропускаем бренд indie-lee, нет данных или ошибка.
api_parsing | 2025-02-28 19:22:35 | INFO | Обработка бренда: the-inkey-list
api_parsing | 2025-02-28 19:22:36 | INFO | Промежуточно сохранено 2782 строк.
api_parsing | 2025-02-28 19:22:38 | INFO | Обработка бренда: innbeauty-project
api_parsing | 2025-02-28 19:22:38 | INFO | Промежуточно сохранено 2807 строк.
api_parsing | 2025-02-28 19:22:40 | INFO | Обработка бренда: innisfree
api_parsing | 2025-02-28 19:22:41 | INFO | Промежуточно сохранено 2829 строк.
api_parsing | 2025-02-28 19:22:43 | INFO | Обработка бренда: isle-paradise
api_parsing | 2025-02-28 19:22:43 | INFO | Промежуточно сохранено 2848 строк.
api_parsing | 2025-02-28 19:22:45 | INFO | Обработка бренда: it-cosmetics
api_parsing | 2025-02-28 19:22:46 | INFO | Промежуточно сохранено 2874 строк.
api_parsing | 2025-02-28 19:22:48 | INFO | Обработка бренда: jack-black
api_parsing | 2025-02-28 19:22:49 | INFO | Промежуточно сохранено 2915 строк.
api_parsing | 2025-02-28 19:22:51 | INFO | Обработка бренда: jillian-dempsey
api_parsing | 2025-02-28 19:22:51 | ERROR | Серверная ошибка 500 для бренда jillian-dempsey, стр. 1. Пропускаем бренд.
api_parsing | 2025-02-28 19:22:51 | WARNING | Пропускаем бренд jillian-dempsey, нет данных или ошибка.
api_parsing | 2025-02-28 19:22:51 | INFO | Обработка бренда: jimmy-choo
api_parsing | 2025-02-28 19:22:52 | INFO | Промежуточно сохранено 2922 строк.
api_parsing | 2025-02-28 19:22:54 | INFO | Обработка бренда: jlo-beauty
api_parsing | 2025-02-28 19:22:54 | ERROR | Серверная ошибка 500 для бренда jlo-beauty, стр. 1. Пропускаем бренд.
api_parsing | 2025-02-28 19:22:54 | WARNING | Пропускаем бренд jlo-beauty, нет данных или ошибка.
api_parsing | 2025-02-28 19:22:54 | INFO | Обработка бренда: jo-malone-london
api_parsing | 2025-02-28 19:22:55 | INFO | Промежуточно сохранено 2970 строк.
api_parsing | 2025-02-28 19:22:57 | INFO | Обработка бренда: josie-maran
api_parsing | 2025-02-28 19:22:58 | INFO | Промежуточно сохранено 3000 строк.
api_parsing | 2025-02-28 19:23:00 | INFO | Обработка бренда: jouer-cosmetics
api_parsing | 2025-02-28 19:23:00 | ERROR | Серверная ошибка 500 для бренда jouer-cosmetics, стр. 1. Пропускаем бренд.
api_parsing | 2025-02-28 19:23:00 | WARNING | Пропускаем бренд jouer-cosmetics, нет данных или ошибка.
api_parsing | 2025-02-28 19:23:00 | INFO | Обработка бренда: juicy-couture
api_parsing | 2025-02-28 19:23:00 | ERROR | Серверная ошибка 500 для бренда juicy-couture, стр. 1. Пропускаем бренд.
api_parsing | 2025-02-28 19:23:00 | WARNING | Пропускаем бренд juicy-couture, нет данных или ошибка.
api_parsing | 2025-02-28 19:23:00 | INFO | Обработка бренда: juliette-has-a-gun
api_parsing | 2025-02-28 19:23:01 | INFO | Промежуточно сохранено 3034 строк.
api_parsing | 2025-02-28 19:23:03 | INFO | Обработка бренда: jvn
api_parsing | 2025-02-28 19:23:03 | INFO | Промежуточно сохранено 3053 строк.
api_parsing | 2025-02-28 19:23:05 | INFO | Обработка бренда: k18-hair
api_parsing | 2025-02-28 19:23:06 | INFO | Промежуточно сохранено 3064 строк.
api_parsing | 2025-02-28 19:23:08 | INFO | Обработка бренда: kaja
api_parsing | 2025-02-28 19:23:09 | INFO | Промежуточно сохранено 3076 строк.
api_parsing | 2025-02-28 19:23:11 | INFO | Обработка бренда: None
api_parsing | 2025-02-28 19:23:11 | INFO | Промежуточно сохранено 3076 строк.
api_parsing | 2025-02-28 19:23:13 | INFO | Обработка бренда: kate-somerville
api_parsing | 2025-02-28 19:23:14 | INFO | Промежуточно сохранено 3108 строк.
api_parsing | 2025-02-28 19:23:16 | INFO | Обработка бренда: kayali-by-huda
api_parsing | 2025-02-28 19:23:17 | INFO | Промежуточно сохранено 3147 строк.
api_parsing | 2025-02-28 19:23:19 | INFO | Обработка бренда: kerastase
api_parsing | 2025-02-28 19:23:20 | INFO | Промежуточно сохранено 3207 строк.
api_parsing | 2025-02-28 19:23:22 | INFO | Обработка бренда: kiehls
api_parsing | 2025-02-28 19:23:22 | INFO | Промежуточно сохранено 3261 строк.
api_parsing | 2025-02-28 19:23:24 | INFO | Обработка бренда: kilian
api_parsing | 2025-02-28 19:23:25 | INFO | Промежуточно сохранено 3295 строк.
api_parsing | 2025-02-28 19:23:27 | INFO | Обработка бренда: koh-gen-do
api_parsing | 2025-02-28 19:23:27 | ERROR | Серверная ошибка 500 для бренда koh-gen-do, стр. 1. Пропускаем бренд.
api_parsing | 2025-02-28 19:23:27 | WARNING | Пропускаем бренд koh-gen-do, нет данных или ошибка.
api_parsing | 2025-02-28 19:23:27 | INFO | Обработка бренда: kopari
api_parsing | 2025-02-28 19:23:27 | ERROR | Серверная ошибка 500 для бренда kopari, стр. 1. Пропускаем бренд.
api_parsing | 2025-02-28 19:23:27 | WARNING | Пропускаем бренд kopari, нет данных или ошибка.
api_parsing | 2025-02-28 19:23:27 | INFO | Обработка бренда: kora-organics
api_parsing | 2025-02-28 19:23:28 | INFO | Промежуточно сохранено 3315 строк.
api_parsing | 2025-02-28 19:23:30 | INFO | Обработка бренда: korres
api_parsing | 2025-02-28 19:23:31 | INFO | Промежуточно сохранено 3323 строк.
api_parsing | 2025-02-28 19:23:33 | INFO | Обработка бренда: kosas
api_parsing | 2025-02-28 19:23:33 | INFO | Промежуточно сохранено 3354 строк.
api_parsing | 2025-02-28 19:23:35 | INFO | Обработка бренда: kulfi
api_parsing | 2025-02-28 19:23:36 | INFO | Промежуточно сохранено 3361 строк.
api_parsing | 2025-02-28 19:23:38 | INFO | Обработка бренда: kvd-vegan-beauty
api_parsing | 2025-02-28 19:23:39 | INFO | Промежуточно сохранено 3384 строк.
api_parsing | 2025-02-28 19:23:41 | INFO | Обработка бренда: l-occitane
api_parsing | 2025-02-28 19:23:42 | INFO | Промежуточно сохранено 3407 строк.
api_parsing | 2025-02-28 19:23:44 | INFO | Обработка бренда: l-oreal-professionnel
api_parsing | 2025-02-28 19:23:44 | INFO | Промежуточно сохранено 3435 строк.
api_parsing | 2025-02-28 19:23:46 | INFO | Обработка бренда: l-oreal-professionnel-steampod
api_parsing | 2025-02-28 19:23:47 | INFO | Промежуточно сохранено 3436 строк.
api_parsing | 2025-02-28 19:23:49 | INFO | Обработка бренда: la-mer
api_parsing | 2025-02-28 19:23:50 | INFO | Промежуточно сохранено 3480 строк.
api_parsing | 2025-02-28 19:23:52 | INFO | Обработка бренда: lancome
api_parsing | 2025-02-28 19:23:53 | INFO | Промежуточно сохранено 3540 строк.
api_parsing | 2025-02-28 19:23:55 | INFO | Обработка бренда: laneige
api_parsing | 2025-02-28 19:23:55 | INFO | Промежуточно сохранено 3571 строк.
api_parsing | 2025-02-28 19:23:57 | INFO | Обработка бренда: lash-food
api_parsing | 2025-02-28 19:23:57 | ERROR | Серверная ошибка 500 для бренда lash-food, стр. 1. Пропускаем бренд.
api_parsing | 2025-02-28 19:23:57 | WARNING | Пропускаем бренд lash-food, нет данных или ошибка.
api_parsing | 2025-02-28 19:23:57 | INFO | Обработка бренда: laura-mercier
api_parsing | 2025-02-28 19:23:58 | INFO | Промежуточно сохранено 3607 строк.
api_parsing | 2025-02-28 19:24:00 | INFO | Обработка бренда: lawless
api_parsing | 2025-02-28 19:24:01 | INFO | Промежуточно сохранено 3628 строк.
api_parsing | 2025-02-28 19:24:03 | INFO | Обработка бренда: lilah-b
api_parsing | 2025-02-28 19:24:03 | ERROR | Серверная ошибка 500 для бренда lilah-b, стр. 1. Пропускаем бренд.
api_parsing | 2025-02-28 19:24:03 | WARNING | Пропускаем бренд lilah-b, нет данных или ошибка.
api_parsing | 2025-02-28 19:24:03 | INFO | Обработка бренда: lilly-lashes
api_parsing | 2025-02-28 19:24:04 | INFO | Промежуточно сохранено 3638 строк.
api_parsing | 2025-02-28 19:24:06 | INFO | Обработка бренда: lion-pose
api_parsing | 2025-02-28 19:24:07 | INFO | Промежуточно сохранено 3642 строк.
api_parsing | 2025-02-28 19:24:09 | INFO | Обработка бренда: living-proof
api_parsing | 2025-02-28 19:24:10 | INFO | Промежуточно сохранено 3702 строк.
api_parsing | 2025-02-28 19:24:12 | INFO | Обработка бренда: loveshackfancy
api_parsing | 2025-02-28 19:24:13 | INFO | Промежуточно сохранено 3718 строк.
api_parsing | 2025-02-28 19:24:15 | INFO | Обработка бренда: luna-daily
api_parsing | 2025-02-28 19:24:15 | INFO | Промежуточно сохранено 3738 строк.
api_parsing | 2025-02-28 19:24:17 | INFO | Обработка бренда: lys-beauty
api_parsing | 2025-02-28 19:24:18 | INFO | Промежуточно сохранено 3755 строк.
api_parsing | 2025-02-28 19:24:20 | INFO | Обработка бренда: macrene-actives
api_parsing | 2025-02-28 19:24:21 | INFO | Промежуточно сохранено 3761 строк.
api_parsing | 2025-02-28 19:24:23 | INFO | Обработка бренда: maison-louis-marie
api_parsing | 2025-02-28 19:24:23 | INFO | Промежуточно сохранено 3791 строк.
api_parsing | 2025-02-28 19:24:25 | INFO | Обработка бренда: maison-margiela
api_parsing | 2025-02-28 19:24:25 | WARNING | 429 при запросе бренда maison-margiela, стр. 1. Токен 06cc033d84mshb5f1fe6ebc4cc23p1e5e17jsnfba965f47afe исчерпан. Переключаемся...
api_parsing | 2025-02-28 19:24:26 | INFO | Промежуточно сохранено 3821 строк.
api_parsing | 2025-02-28 19:24:28 | INFO | Обработка бренда: make-up-for-ever
api_parsing | 2025-02-28 19:24:29 | INFO | Промежуточно сохранено 3881 строк.
api_parsing | 2025-02-28 19:24:31 | INFO | Обработка бренда: the-maker
api_parsing | 2025-02-28 19:24:32 | INFO | Промежуточно сохранено 3899 строк.
api_parsing | 2025-02-28 19:24:34 | INFO | Обработка бренда: makeup-by-mario
api_parsing | 2025-02-28 19:24:35 | INFO | Промежуточно сохранено 3948 строк.
api_parsing | 2025-02-28 19:24:37 | INFO | Обработка бренда: mango-people
api_parsing | 2025-02-28 19:24:38 | INFO | Промежуточно сохранено 3953 строк.
api_parsing | 2025-02-28 19:24:40 | INFO | Обработка бренда: mara
api_parsing | 2025-02-28 19:24:40 | INFO | Промежуточно сохранено 3970 строк.
api_parsing | 2025-02-28 19:24:42 | INFO | Обработка бренда: marc-jacobs-fragrances
api_parsing | 2025-02-28 19:24:43 | INFO | Промежуточно сохранено 4000 строк.
api_parsing | 2025-02-28 19:24:45 | INFO | Обработка бренда: mario-badescu
api_parsing | 2025-02-28 19:24:46 | INFO | Промежуточно сохранено 4031 строк.
api_parsing | 2025-02-28 19:24:48 | INFO | Обработка бренда: matter-of-fact
api_parsing | 2025-02-28 19:24:49 | INFO | Промежуточно сохранено 4037 строк.
api_parsing | 2025-02-28 19:24:51 | INFO | Обработка бренда: maude
api_parsing | 2025-02-28 19:24:51 | INFO | Промежуточно сохранено 4049 строк.
api_parsing | 2025-02-28 19:24:53 | INFO | Обработка бренда: melanin-haircare
api_parsing | 2025-02-28 19:24:54 | INFO | Промежуточно сохранено 4055 строк.
api_parsing | 2025-02-28 19:24:56 | INFO | Обработка бренда: melt-cosmetics
api_parsing | 2025-02-28 19:24:57 | INFO | Промежуточно сохранено 4060 строк.
api_parsing | 2025-02-28 19:24:59 | INFO | Обработка бренда: merit
api_parsing | 2025-02-28 19:25:00 | INFO | Промежуточно сохранено 4079 строк.
api_parsing | 2025-02-28 19:25:02 | INFO | Обработка бренда: milk-makeup
api_parsing | 2025-02-28 19:25:03 | INFO | Промежуточно сохранено 4125 строк.
api_parsing | 2025-02-28 19:25:05 | INFO | Обработка бренда: mizani
api_parsing | 2025-02-28 19:25:05 | INFO | Промежуточно сохранено 4152 строк.
api_parsing | 2025-02-28 19:25:07 | INFO | Обработка бренда: montblanc
api_parsing | 2025-02-28 19:25:08 | INFO | Промежуточно сохранено 4159 строк.
api_parsing | 2025-02-28 19:25:10 | INFO | Обработка бренда: moon-juice
api_parsing | 2025-02-28 19:25:11 | INFO | Промежуточно сохранено 4174 строк.
api_parsing | 2025-02-28 19:25:13 | INFO | Обработка бренда: moroccanoil
api_parsing | 2025-02-28 19:25:14 | INFO | Промежуточно сохранено 4234 строк.
api_parsing | 2025-02-28 19:25:16 | INFO | Обработка бренда: mount-lai
api_parsing | 2025-02-28 19:25:16 | ERROR | Серверная ошибка 500 для бренда mount-lai, стр. 1. Пропускаем бренд.
api_parsing | 2025-02-28 19:25:16 | WARNING | Пропускаем бренд mount-lai, нет данных или ошибка.
api_parsing | 2025-02-28 19:25:16 | INFO | Обработка бренда: mugler
api_parsing | 2025-02-28 19:25:17 | INFO | Промежуточно сохранено 4246 строк.
api_parsing | 2025-02-28 19:25:19 | INFO | Обработка бренда: murad
api_parsing | 2025-02-28 19:25:20 | INFO | Промежуточно сохранено 4290 строк.
api_parsing | 2025-02-28 19:25:22 | INFO | Обработка бренда: nails-inc
api_parsing | 2025-02-28 19:25:22 | ERROR | Серверная ошибка 500 для бренда nails-inc, стр. 1. Пропускаем бренд.
api_parsing | 2025-02-28 19:25:22 | WARNING | Пропускаем бренд nails-inc, нет данных или ошибка.
api_parsing | 2025-02-28 19:25:22 | INFO | Обработка бренда: nars
api_parsing | 2025-02-28 19:25:23 | INFO | Промежуточно сохранено 4344 строк.
api_parsing | 2025-02-28 19:25:25 | INFO | Обработка бренда: natasha-denona
api_parsing | 2025-02-28 19:25:26 | INFO | Промежуточно сохранено 4380 строк.
api_parsing | 2025-02-28 19:25:28 | INFO | Обработка бренда: naturally-serious
api_parsing | 2025-02-28 19:25:29 | INFO | Промежуточно сохранено 4391 строк.
api_parsing | 2025-02-28 19:25:31 | INFO | Обработка бренда: necessaire
api_parsing | 2025-02-28 19:25:31 | INFO | Промежуточно сохранено 4428 строк.
api_parsing | 2025-02-28 19:25:33 | INFO | Обработка бренда: nest
api_parsing | 2025-02-28 19:25:34 | INFO | Промежуточно сохранено 4488 строк.
api_parsing | 2025-02-28 19:25:36 | INFO | Обработка бренда: nette
api_parsing | 2025-02-28 19:25:37 | INFO | Промежуточно сохранено 4510 строк.
api_parsing | 2025-02-28 19:25:39 | INFO | Обработка бренда: nudestix
api_parsing | 2025-02-28 19:25:40 | INFO | Промежуточно сохранено 4555 строк.
api_parsing | 2025-02-28 19:25:42 | INFO | Обработка бренда: the-nue-co
api_parsing | 2025-02-28 19:25:42 | INFO | Промежуточно сохранено 4568 строк.
api_parsing | 2025-02-28 19:25:44 | INFO | Обработка бренда: nuface
api_parsing | 2025-02-28 19:25:45 | INFO | Промежуточно сохранено 4580 строк.
api_parsing | 2025-02-28 19:25:47 | INFO | Обработка бренда: nurse-jamie
api_parsing | 2025-02-28 19:25:47 | ERROR | Серверная ошибка 500 для бренда nurse-jamie, стр. 1. Пропускаем бренд.
api_parsing | 2025-02-28 19:25:47 | WARNING | Пропускаем бренд nurse-jamie, нет данных или ошибка.
api_parsing | 2025-02-28 19:25:47 | INFO | Обработка бренда: nutrafol
api_parsing | 2025-02-28 19:25:48 | INFO | Промежуточно сохранено 4593 строк.
api_parsing | 2025-02-28 19:25:50 | INFO | Обработка бренда: olaplex
api_parsing | 2025-02-28 19:25:51 | INFO | Промежуточно сохранено 4614 строк.
api_parsing | 2025-02-28 19:25:53 | INFO | Обработка бренда: ole-henriksen
api_parsing | 2025-02-28 19:25:54 | INFO | Промежуточно сохранено 4644 строк.
api_parsing | 2025-02-28 19:25:56 | INFO | Обработка бренда: one-size-by-patrick-starrr
api_parsing | 2025-02-28 19:25:56 | INFO | Промежуточно сохранено 4669 строк.
api_parsing | 2025-02-28 19:25:58 | INFO | Обработка бренда: the-ordinary
api_parsing | 2025-02-28 19:25:59 | INFO | Промежуточно сохранено 4729 строк.
api_parsing | 2025-02-28 19:26:01 | INFO | Обработка бренда: oribe
api_parsing | 2025-02-28 19:26:02 | INFO | Промежуточно сохранено 4789 строк.
api_parsing | 2025-02-28 19:26:04 | INFO | Обработка бренда: makeup-eraser
api_parsing | 2025-02-28 19:26:05 | INFO | Промежуточно сохранено 4793 строк.
api_parsing | 2025-02-28 19:26:07 | INFO | Обработка бренда: origins
api_parsing | 2025-02-28 19:26:08 | INFO | Промежуточно сохранено 4822 строк.
api_parsing | 2025-02-28 19:26:10 | INFO | Обработка бренда: otherland
api_parsing | 2025-02-28 19:26:10 | ERROR | Серверная ошибка 500 для бренда otherland, стр. 1. Пропускаем бренд.
api_parsing | 2025-02-28 19:26:10 | WARNING | Пропускаем бренд otherland, нет данных или ошибка.
api_parsing | 2025-02-28 19:26:10 | INFO | Обработка бренда: ouai-haircare
api_parsing | 2025-02-28 19:26:11 | INFO | Промежуточно сохранено 4870 строк.
api_parsing | 2025-02-28 19:26:13 | INFO | Обработка бренда: oui-the-people
api_parsing | 2025-02-28 19:26:13 | INFO | Промежуточно сохранено 4876 строк.
api_parsing | 2025-02-28 19:26:15 | INFO | Обработка бренда: None
api_parsing | 2025-02-28 19:26:16 | INFO | Промежуточно сохранено 4876 строк.
api_parsing | 2025-02-28 19:26:18 | INFO | Обработка бренда: overose
api_parsing | 2025-02-28 19:26:18 | ERROR | Серверная ошибка 500 для бренда overose, стр. 1. Пропускаем бренд.
api_parsing | 2025-02-28 19:26:18 | WARNING | Пропускаем бренд overose, нет данных или ошибка.
api_parsing | 2025-02-28 19:26:18 | INFO | Обработка бренда: pat-mcgrath-labs
api_parsing | 2025-02-28 19:26:19 | INFO | Промежуточно сохранено 4905 строк.
api_parsing | 2025-02-28 19:26:21 | INFO | Обработка бренда: patrick-ta
api_parsing | 2025-02-28 19:26:22 | INFO | Промежуточно сохранено 4938 строк.
api_parsing | 2025-02-28 19:26:24 | INFO | Обработка бренда: pattern-beauty-by-tracee-ellis-ross
api_parsing | 2025-02-28 19:26:24 | INFO | Промежуточно сохранено 4992 строк.
api_parsing | 2025-02-28 19:26:26 | INFO | Обработка бренда: paulas-choice
api_parsing | 2025-02-28 19:26:27 | INFO | Промежуточно сохранено 5027 строк.
api_parsing | 2025-02-28 19:26:29 | INFO | Обработка бренда: peace-out
api_parsing | 2025-02-28 19:26:30 | INFO | Промежуточно сохранено 5050 строк.
api_parsing | 2025-02-28 19:26:32 | INFO | Обработка бренда: peter-thomas-roth
api_parsing | 2025-02-28 19:26:32 | INFO | Промежуточно сохранено 5106 строк.
api_parsing | 2025-02-28 19:26:34 | INFO | Обработка бренда: phlur
api_parsing | 2025-02-28 19:26:35 | INFO | Промежуточно сохранено 5155 строк.
api_parsing | 2025-02-28 19:26:37 | INFO | Обработка бренда: pmd
api_parsing | 2025-02-28 19:26:38 | ERROR | Серверная ошибка 500 для бренда pmd, стр. 1. Пропускаем бренд.
api_parsing | 2025-02-28 19:26:38 | WARNING | Пропускаем бренд pmd, нет данных или ошибка.
api_parsing | 2025-02-28 19:26:38 | INFO | Обработка бренда: prada
api_parsing | 2025-02-28 19:26:39 | INFO | Промежуточно сохранено 5191 строк.
api_parsing | 2025-02-28 19:26:41 | INFO | Обработка бренда: prima
api_parsing | 2025-02-28 19:26:41 | ERROR | Серверная ошибка 500 для бренда prima, стр. 1. Пропускаем бренд.
api_parsing | 2025-02-28 19:26:41 | WARNING | Пропускаем бренд prima, нет данных или ошибка.
api_parsing | 2025-02-28 19:26:41 | INFO | Обработка бренда: proven-skincare
api_parsing | 2025-02-28 19:26:41 | ERROR | Серверная ошибка 500 для бренда proven-skincare, стр. 1. Пропускаем бренд.
api_parsing | 2025-02-28 19:26:41 | WARNING | Пропускаем бренд proven-skincare, нет данных или ошибка.
api_parsing | 2025-02-28 19:26:41 | INFO | Обработка бренда: pureology
api_parsing | 2025-02-28 19:26:42 | INFO | Промежуточно сохранено 5231 строк.
api_parsing | 2025-02-28 19:26:44 | INFO | Обработка бренда: paco-rabanne
api_parsing | 2025-02-28 19:26:45 | INFO | Промежуточно сохранено 5253 строк.
api_parsing | 2025-02-28 19:26:47 | INFO | Обработка бренда: rahua
api_parsing | 2025-02-28 19:26:47 | WARNING | 429 при запросе бренда rahua, стр. 1. Токен b1f98658a4mshceede2464f383d5p1db43ajsn01003e021291 исчерпан. Переключаемся...
api_parsing | 2025-02-28 19:26:47 | ERROR | Неожиданный статус 403 для бренда rahua, стр. 1.
api_parsing | 2025-02-28 19:26:47 | WARNING | Пропускаем бренд rahua, нет данных или ошибка.
api_parsing | 2025-02-28 19:26:47 | INFO | Обработка бренда: ralph-lauren
api_parsing | 2025-02-28 19:26:47 | WARNING | 429 при запросе бренда ralph-lauren, стр. 1. Токен ee71f8cf5amsh9606a89731714bcp16e318jsnf25c70e56aae исчерпан. Переключаемся...
api_parsing | 2025-02-28 19:26:48 | INFO | Промежуточно сохранено 5263 строк.
api_parsing | 2025-02-28 19:26:50 | INFO | Обработка бренда: ranavat
api_parsing | 2025-02-28 19:26:51 | INFO | Промежуточно сохранено 5281 строк.
api_parsing | 2025-02-28 19:26:53 | INFO | Обработка бренда: rare-beauty-by-selena-gomez
api_parsing | 2025-02-28 19:26:54 | INFO | Промежуточно сохранено 5337 строк.
api_parsing | 2025-02-28 19:26:56 | INFO | Обработка бренда: refy-beauty
api_parsing | 2025-02-28 19:26:56 | INFO | Промежуточно сохранено 5361 строк.
api_parsing | 2025-02-28 19:26:58 | INFO | Обработка бренда: ren
api_parsing | 2025-02-28 19:26:59 | ERROR | Серверная ошибка 500 для бренда ren, стр. 1. Пропускаем бренд.
api_parsing | 2025-02-28 19:26:59 | WARNING | Пропускаем бренд ren, нет данных или ошибка.
api_parsing | 2025-02-28 19:26:59 | INFO | Обработка бренда: reverie
api_parsing | 2025-02-28 19:26:59 | ERROR | Серверная ошибка 500 для бренда reverie, стр. 1. Пропускаем бренд.
api_parsing | 2025-02-28 19:26:59 | WARNING | Пропускаем бренд reverie, нет данных или ошибка.
api_parsing | 2025-02-28 19:26:59 | INFO | Обработка бренда: ries
api_parsing | 2025-02-28 19:27:00 | INFO | Промежуточно сохранено 5368 строк.
api_parsing | 2025-02-28 19:27:02 | INFO | Обработка бренда: rose-inc
api_parsing | 2025-02-28 19:27:03 | INFO | Промежуточно сохранено 5373 строк.
api_parsing | 2025-02-28 19:27:05 | INFO | Обработка бренда: rose-ingleton-md
api_parsing | 2025-02-28 19:27:05 | INFO | Промежуточно сохранено 5378 строк.
api_parsing | 2025-02-28 19:27:07 | INFO | Обработка бренда: rosebud-perfume-co
api_parsing | 2025-02-28 19:27:08 | ERROR | Серверная ошибка 500 для бренда rosebud-perfume-co, стр. 1. Пропускаем бренд.
api_parsing | 2025-02-28 19:27:08 | WARNING | Пропускаем бренд rosebud-perfume-co, нет данных или ошибка.
api_parsing | 2025-02-28 19:27:08 | INFO | Обработка бренда: rossano-ferretti-parma
api_parsing | 2025-02-28 19:27:09 | INFO | Промежуточно сохранено 5401 строк.
api_parsing | 2025-02-28 19:27:11 | INFO | Обработка бренда: saie
api_parsing | 2025-02-28 19:27:12 | INFO | Промежуточно сохранено 5424 строк.
api_parsing | 2025-02-28 19:27:14 | INFO | Обработка бренда: saint-jane-beauty
api_parsing | 2025-02-28 19:27:16 | INFO | Промежуточно сохранено 5439 строк.
api_parsing | 2025-02-28 19:27:18 | INFO | Обработка бренда: sephora-collection
api_parsing | 2025-02-28 19:27:18 | INFO | Промежуточно сохранено 5499 строк.
api_parsing | 2025-02-28 19:27:20 | INFO | Обработка бренда: sephora-favorites
api_parsing | 2025-02-28 19:27:21 | INFO | Промежуточно сохранено 5509 строк.
api_parsing | 2025-02-28 19:27:23 | INFO | Обработка бренда: shani-darden
api_parsing | 2025-02-28 19:27:24 | INFO | Промежуточно сохранено 5526 строк.
api_parsing | 2025-02-28 19:27:26 | INFO | Обработка бренда: shark-beauty
api_parsing | 2025-02-28 19:27:27 | INFO | Промежуточно сохранено 5545 строк.
api_parsing | 2025-02-28 19:27:29 | INFO | Обработка бренда: shaz-kiks
api_parsing | 2025-02-28 19:27:30 | INFO | Промежуточно сохранено 5556 строк.
api_parsing | 2025-02-28 19:27:32 | INFO | Обработка бренда: shiseido
api_parsing | 2025-02-28 19:27:33 | INFO | Промежуточно сохранено 5589 строк.
api_parsing | 2025-02-28 19:27:35 | INFO | Обработка бренда: shu-uemura
api_parsing | 2025-02-28 19:27:36 | INFO | Промежуточно сохранено 5641 строк.
api_parsing | 2025-02-28 19:27:38 | INFO | Обработка бренда: simihaze
api_parsing | 2025-02-28 19:27:38 | INFO | Промежуточно сохранено 5647 строк.
api_parsing | 2025-02-28 19:27:40 | INFO | Обработка бренда: sk-ii
api_parsing | 2025-02-28 19:27:41 | INFO | Промежуточно сохранено 5663 строк.
api_parsing | 2025-02-28 19:27:43 | INFO | Обработка бренда: skin-laundry
api_parsing | 2025-02-28 19:27:43 | ERROR | Серверная ошибка 500 для бренда skin-laundry, стр. 1. Пропускаем бренд.
api_parsing | 2025-02-28 19:27:43 | WARNING | Пропускаем бренд skin-laundry, нет данных или ошибка.
api_parsing | 2025-02-28 19:27:43 | INFO | Обработка бренда: skinfix
api_parsing | 2025-02-28 19:27:44 | INFO | Промежуточно сохранено 5690 строк.
api_parsing | 2025-02-28 19:27:46 | INFO | Обработка бренда: skylar
api_parsing | 2025-02-28 19:27:47 | INFO | Промежуточно сохранено 5720 строк.
api_parsing | 2025-02-28 19:27:49 | INFO | Обработка бренда: slip
api_parsing | 2025-02-28 19:27:49 | INFO | Промежуточно сохранено 5731 строк.
api_parsing | 2025-02-28 19:27:51 | INFO | Обработка бренда: smashbox
api_parsing | 2025-02-28 19:27:52 | INFO | Промежуточно сохранено 5739 строк.
api_parsing | 2025-02-28 19:27:54 | INFO | Обработка бренда: smile-makers
api_parsing | 2025-02-28 19:27:55 | INFO | Промежуточно сохранено 5749 строк.
api_parsing | 2025-02-28 19:27:57 | INFO | Обработка бренда: sobel-skincare-rx
api_parsing | 2025-02-28 19:27:57 | ERROR | Серверная ошибка 500 для бренда sobel-skincare-rx, стр. 1. Пропускаем бренд.
api_parsing | 2025-02-28 19:27:57 | WARNING | Пропускаем бренд sobel-skincare-rx, нет данных или ошибка.
api_parsing | 2025-02-28 19:27:57 | INFO | Обработка бренда: sol-de-janeiro
api_parsing | 2025-02-28 19:27:58 | INFO | Промежуточно сохранено 5801 строк.
api_parsing | 2025-02-28 19:28:00 | INFO | Обработка бренда: soleil-toujours
api_parsing | 2025-02-28 19:28:01 | INFO | Промежуточно сохранено 5807 строк.
api_parsing | 2025-02-28 19:28:03 | INFO | Обработка бренда: sourse
api_parsing | 2025-02-28 19:28:04 | INFO | Промежуточно сохранено 5809 строк.
api_parsing | 2025-02-28 19:28:06 | INFO | Обработка бренда: st-tropez-tanning-essentials
api_parsing | 2025-02-28 19:28:07 | INFO | Промежуточно сохранено 5824 строк.
api_parsing | 2025-02-28 19:28:09 | INFO | Обработка бренда: stila
api_parsing | 2025-02-28 19:28:10 | INFO | Промежуточно сохранено 5833 строк.
api_parsing | 2025-02-28 19:28:12 | INFO | Обработка бренда: stripes
api_parsing | 2025-02-28 19:28:12 | INFO | Промежуточно сохранено 5840 строк.
api_parsing | 2025-02-28 19:28:14 | INFO | Обработка бренда: strivectin
api_parsing | 2025-02-28 19:28:15 | INFO | Промежуточно сохранено 5859 строк.
api_parsing | 2025-02-28 19:28:17 | INFO | Обработка бренда: sulwhasoo
api_parsing | 2025-02-28 19:28:18 | INFO | Промежуточно сохранено 5884 строк.
api_parsing | 2025-02-28 19:28:20 | INFO | Обработка бренда: summer-fridays
api_parsing | 2025-02-28 19:28:21 | INFO | Промежуточно сохранено 5903 строк.
api_parsing | 2025-02-28 19:28:23 | INFO | Обработка бренда: sunday-ii-sunday
api_parsing | 2025-02-28 19:28:24 | INFO | Промежуточно сохранено 5913 строк.
api_parsing | 2025-02-28 19:28:26 | INFO | Обработка бренда: sunday-riley
api_parsing | 2025-02-28 19:28:27 | INFO | Промежуточно сохранено 5942 строк.
api_parsing | 2025-02-28 19:28:29 | INFO | Обработка бренда: supergoop
api_parsing | 2025-02-28 19:28:30 | INFO | Промежуточно сохранено 5977 строк.
api_parsing | 2025-02-28 19:28:32 | INFO | Обработка бренда: superzero
api_parsing | 2025-02-28 19:28:33 | INFO | Промежуточно сохранено 5990 строк.
api_parsing | 2025-02-28 19:28:35 | INFO | Обработка бренда: susteau
api_parsing | 2025-02-28 19:28:35 | ERROR | Серверная ошибка 500 для бренда susteau, стр. 1. Пропускаем бренд.
api_parsing | 2025-02-28 19:28:35 | WARNING | Пропускаем бренд susteau, нет данных или ошибка.
api_parsing | 2025-02-28 19:28:35 | INFO | Обработка бренда: t3
api_parsing | 2025-02-28 19:28:36 | INFO | Промежуточно сохранено 6024 строк.
api_parsing | 2025-02-28 19:28:38 | INFO | Обработка бренда: tabu
api_parsing | 2025-02-28 19:28:38 | INFO | Промежуточно сохранено 6027 строк.
api_parsing | 2025-02-28 19:28:40 | INFO | Обработка бренда: tan-luxe
api_parsing | 2025-02-28 19:28:41 | INFO | Промежуточно сохранено 6039 строк.
api_parsing | 2025-02-28 19:28:43 | INFO | Обработка бренда: tarte
api_parsing | 2025-02-28 19:28:44 | INFO | Промежуточно сохранено 6099 строк.
api_parsing | 2025-02-28 19:28:46 | INFO | Обработка бренда: tata-harper
api_parsing | 2025-02-28 19:28:47 | INFO | Промежуточно сохранено 6124 строк.
api_parsing | 2025-02-28 19:28:49 | INFO | Обработка бренда: tatcha
api_parsing | 2025-02-28 19:28:50 | INFO | Промежуточно сохранено 6158 строк.
api_parsing | 2025-02-28 19:28:52 | INFO | Обработка бренда: tom-ford
api_parsing | 2025-02-28 19:28:53 | INFO | Промежуточно сохранено 6218 строк.
api_parsing | 2025-02-28 19:28:55 | INFO | Обработка бренда: too-faced
api_parsing | 2025-02-28 19:28:56 | INFO | Промежуточно сохранено 6264 строк.
api_parsing | 2025-02-28 19:28:58 | INFO | Обработка бренда: topicals
api_parsing | 2025-02-28 19:28:59 | INFO | Промежуточно сохранено 6275 строк.
api_parsing | 2025-02-28 19:29:01 | INFO | Обработка бренда: touchland
api_parsing | 2025-02-28 19:29:02 | INFO | Промежуточно сохранено 6285 строк.
api_parsing | 2025-02-28 19:29:04 | INFO | Обработка бренда: tower-28
api_parsing | 2025-02-28 19:29:04 | INFO | Промежуточно сохранено 6306 строк.
api_parsing | 2025-02-28 19:29:06 | INFO | Обработка бренда: tula-skincare
api_parsing | 2025-02-28 19:29:07 | INFO | Промежуточно сохранено 6338 строк.
api_parsing | 2025-02-28 19:29:09 | INFO | Обработка бренда: tweezerman
api_parsing | 2025-02-28 19:29:10 | INFO | Промежуточно сохранено 6345 строк.
api_parsing | 2025-02-28 19:29:12 | INFO | Обработка бренда: urban-decay
api_parsing | 2025-02-28 19:29:12 | WARNING | 429 при запросе бренда urban-decay, стр. 1. Токен 0ccc6b07f9msh9d97bb824c2932ep1c8e14jsn405f51cc35f1 исчерпан. Переключаемся...
api_parsing | 2025-02-28 19:29:12 | ERROR | Все токены исчерпаны, дальнейшая работа невозможна.
api_parsing | 2025-02-28 19:29:12 | WARNING | Пропускаем бренд urban-decay, нет данных или ошибка.
api_parsing | 2025-02-28 19:29:12 | INFO | Обработка бренда: valentino
api_parsing | 2025-02-28 19:29:12 | ERROR | Все токены исчерпаны, запрос невозможен.
api_parsing | 2025-02-28 19:29:12 | WARNING | Пропускаем бренд valentino, нет данных или ошибка.
api_parsing | 2025-02-28 19:29:12 | INFO | Обработка бренда: vegamour
api_parsing | 2025-02-28 19:29:12 | ERROR | Все токены исчерпаны, запрос невозможен.
api_parsing | 2025-02-28 19:29:12 | WARNING | Пропускаем бренд vegamour, нет данных или ошибка.
api_parsing | 2025-02-28 19:29:12 | INFO | Обработка бренда: velour-lashes
api_parsing | 2025-02-28 19:29:12 | ERROR | Все токены исчерпаны, запрос невозможен.
api_parsing | 2025-02-28 19:29:12 | WARNING | Пропускаем бренд velour-lashes, нет данных или ошибка.
api_parsing | 2025-02-28 19:29:12 | INFO | Обработка бренда: verb-hair-care
api_parsing | 2025-02-28 19:29:12 | ERROR | Все токены исчерпаны, запрос невозможен.
api_parsing | 2025-02-28 19:29:12 | WARNING | Пропускаем бренд verb-hair-care, нет данных или ошибка.
api_parsing | 2025-02-28 19:29:12 | INFO | Обработка бренда: versace
api_parsing | 2025-02-28 19:29:12 | ERROR | Все токены исчерпаны, запрос невозможен.
api_parsing | 2025-02-28 19:29:12 | WARNING | Пропускаем бренд versace, нет данных или ошибка.
api_parsing | 2025-02-28 19:29:12 | INFO | Обработка бренда: viktor-rolf
api_parsing | 2025-02-28 19:29:12 | ERROR | Все токены исчерпаны, запрос невозможен.
api_parsing | 2025-02-28 19:29:12 | WARNING | Пропускаем бренд viktor-rolf, нет данных или ошибка.
api_parsing | 2025-02-28 19:29:12 | INFO | Обработка бренда: violet-voss
api_parsing | 2025-02-28 19:29:12 | ERROR | Все токены исчерпаны, запрос невозможен.
api_parsing | 2025-02-28 19:29:12 | WARNING | Пропускаем бренд violet-voss, нет данных или ошибка.
api_parsing | 2025-02-28 19:29:12 | INFO | Обработка бренда: viori
api_parsing | 2025-02-28 19:29:12 | ERROR | Все токены исчерпаны, запрос невозможен.
api_parsing | 2025-02-28 19:29:12 | WARNING | Пропускаем бренд viori, нет данных или ошибка.
api_parsing | 2025-02-28 19:29:12 | INFO | Обработка бренда: virtue
api_parsing | 2025-02-28 19:29:12 | ERROR | Все токены исчерпаны, запрос невозможен.
api_parsing | 2025-02-28 19:29:12 | WARNING | Пропускаем бренд virtue, нет данных или ошибка.
api_parsing | 2025-02-28 19:29:12 | INFO | Обработка бренда: viseart
api_parsing | 2025-02-28 19:29:12 | ERROR | Все токены исчерпаны, запрос невозможен.
api_parsing | 2025-02-28 19:29:12 | WARNING | Пропускаем бренд viseart, нет данных или ошибка.
api_parsing | 2025-02-28 19:29:12 | INFO | Обработка бренда: vitruvi
api_parsing | 2025-02-28 19:29:12 | ERROR | Все токены исчерпаны, запрос невозможен.
api_parsing | 2025-02-28 19:29:12 | WARNING | Пропускаем бренд vitruvi, нет данных или ошибка.
api_parsing | 2025-02-28 19:29:12 | INFO | Обработка бренда: voluspa
api_parsing | 2025-02-28 19:29:12 | ERROR | Все токены исчерпаны, запрос невозможен.
api_parsing | 2025-02-28 19:29:12 | WARNING | Пропускаем бренд voluspa, нет данных или ошибка.
api_parsing | 2025-02-28 19:29:12 | INFO | Обработка бренда: wander-beauty
api_parsing | 2025-02-28 19:29:12 | ERROR | Все токены исчерпаны, запрос невозможен.
api_parsing | 2025-02-28 19:29:12 | WARNING | Пропускаем бренд wander-beauty, нет данных или ошибка.
api_parsing | 2025-02-28 19:29:12 | INFO | Обработка бренда: waso
api_parsing | 2025-02-28 19:29:12 | ERROR | Все токены исчерпаны, запрос невозможен.
api_parsing | 2025-02-28 19:29:12 | WARNING | Пропускаем бренд waso, нет данных или ошибка.
api_parsing | 2025-02-28 19:29:12 | INFO | Обработка бренда: westman-atelier
api_parsing | 2025-02-28 19:29:12 | ERROR | Все токены исчерпаны, запрос невозможен.
api_parsing | 2025-02-28 19:29:12 | WARNING | Пропускаем бренд westman-atelier, нет данных или ошибка.
api_parsing | 2025-02-28 19:29:12 | INFO | Обработка бренда: wishful-by-huda
api_parsing | 2025-02-28 19:29:12 | ERROR | Все токены исчерпаны, запрос невозможен.
api_parsing | 2025-02-28 19:29:12 | WARNING | Пропускаем бренд wishful-by-huda, нет данных или ошибка.
api_parsing | 2025-02-28 19:29:12 | INFO | Обработка бренда: chris-collins
api_parsing | 2025-02-28 19:29:12 | ERROR | Все токены исчерпаны, запрос невозможен.
api_parsing | 2025-02-28 19:29:12 | WARNING | Пропускаем бренд chris-collins, нет данных или ошибка.
api_parsing | 2025-02-28 19:29:12 | INFO | Обработка бренда: youth-to-the-people
api_parsing | 2025-02-28 19:29:12 | ERROR | Все токены исчерпаны, запрос невозможен.
api_parsing | 2025-02-28 19:29:12 | WARNING | Пропускаем бренд youth-to-the-people, нет данных или ошибка.
api_parsing | 2025-02-28 19:29:12 | INFO | Обработка бренда: yves-saint-laurent
api_parsing | 2025-02-28 19:29:12 | ERROR | Все токены исчерпаны, запрос невозможен.
api_parsing | 2025-02-28 19:29:12 | WARNING | Пропускаем бренд yves-saint-laurent, нет данных или ошибка.
api_parsing | 2025-02-28 19:29:12 | INFO | Обработка бренда: 19-69
api_parsing | 2025-02-28 19:29:12 | ERROR | Все токены исчерпаны, запрос невозможен.
api_parsing | 2025-02-28 19:29:12 | WARNING | Пропускаем бренд 19-69, нет данных или ошибка.
api_parsing | 2025-02-28 19:29:12 | INFO | Обработка бренда: 5-sens
api_parsing | 2025-02-28 19:29:12 | ERROR | Все токены исчерпаны, запрос невозможен.
api_parsing | 2025-02-28 19:29:12 | WARNING | Пропускаем бренд 5-sens, нет данных или ошибка.
api_parsing | 2025-02-28 19:29:12 | INFO | Обработка бренда: 54-thrones
api_parsing | 2025-02-28 19:29:12 | ERROR | Все токены исчерпаны, запрос невозможен.
api_parsing | 2025-02-28 19:29:12 | WARNING | Пропускаем бренд 54-thrones, нет данных или ошибка.
api_parsing | 2025-02-28 19:29:12 | INFO | Обработка бренда: 7-virtues
api_parsing | 2025-02-28 19:29:12 | ERROR | Все токены исчерпаны, запрос невозможен.
api_parsing | 2025-02-28 19:29:12 | WARNING | Пропускаем бренд 7-virtues, нет данных или ошибка.
api_parsing | 2025-02-28 19:29:13 | INFO | Всего собрано 6345 продуктов. Итоговый файл: sephora_products_final.csv
api_parsing | 2025-02-28 19:29:13 | INFO | Скрипт завершён.
